<?xml version="1.0" encoding="UTF-8"?>
<!-- Generated by org.testng.reporters.JUnitXMLReporter -->
<testsuite hostname="DESKTOP-7IO8K5N" ignored="5" name="test" tests="3" failures="0" timestamp="2022-08-30T10:55:59 BDT" time="139.055" errors="0">
  <testcase name="Login" time="12.809" classname="com.RDCD_Coop.Create_Shomiti"/>
  <testcase name="Sodossho_Nibondhon" time="57.884" classname="com.RDCD_Coop.Create_Shomiti"/>
  <testcase name="Sodossho_Nibondhon" time="55.36" classname="com.RDCD_Coop.Create_Shomiti"/>
  <testcase name="NameClearance_Approve" time="0.0" classname="com.RDCD_Coop.Create_Shomiti">
    <ignored/>
  </testcase> <!-- NameClearance_Approve -->
  <testcase name="NameClearance" time="0.0" classname="com.RDCD_Coop.Create_Shomiti">
    <ignored/>
  </testcase> <!-- NameClearance -->
  <testcase name="CancelNameClearance" time="0.0" classname="com.RDCD_Coop.Create_Shomiti">
    <ignored/>
  </testcase> <!-- CancelNameClearance -->
  <testcase name="PrathomikTottho" time="0.0" classname="com.RDCD_Coop.Create_Shomiti">
    <ignored/>
  </testcase> <!-- PrathomikTottho -->
  <testcase name="Lokkho_Uddessho" time="0.0" classname="com.RDCD_Coop.Create_Shomiti">
    <ignored/>
  </testcase> <!-- Lokkho_Uddessho -->
</testsuite> <!-- test -->
