<?xml version="1.0" encoding="UTF-8"?>
<!-- Generated by org.testng.reporters.JUnitXMLReporter -->
<testsuite hostname="DESKTOP-7IO8K5N" ignored="11" name="test" tests="2" failures="0" timestamp="2022-09-01T17:05:54 BDT" time="59.169" errors="0">
  <testcase name="Login" time="12.791" classname="com.RDCD_Coop.Create_Shomiti"/>
  <testcase name="Churanto_Data_Somuho" time="29.46" classname="com.RDCD_Coop.Create_Shomiti"/>
  <testcase name="Sodossho_Nibondhon" time="0.0" classname="com.RDCD_Coop.Create_Shomiti">
    <ignored/>
  </testcase> <!-- Sodossho_Nibondhon -->
  <testcase name="NameClearance" time="0.0" classname="com.RDCD_Coop.Create_Shomiti">
    <ignored/>
  </testcase> <!-- NameClearance -->
  <testcase name="Arthik_Totthadi" time="0.0" classname="com.RDCD_Coop.Create_Shomiti">
    <ignored/>
  </testcase> <!-- Arthik_Totthadi -->
  <testcase name="Lokkho_Uddessho" time="0.0" classname="com.RDCD_Coop.Create_Shomiti">
    <ignored/>
  </testcase> <!-- Lokkho_Uddessho -->
  <testcase name="PrathomikTottho" time="0.0" classname="com.RDCD_Coop.Create_Shomiti">
    <ignored/>
  </testcase> <!-- PrathomikTottho -->
  <testcase name="Committee_Bebosthapona" time="0.0" classname="com.RDCD_Coop.Create_Shomiti">
    <ignored/>
  </testcase> <!-- Committee_Bebosthapona -->
  <testcase name="NameClearance_Approve" time="0.0" classname="com.RDCD_Coop.Create_Shomiti">
    <ignored/>
  </testcase> <!-- NameClearance_Approve -->
  <testcase name="Shomiti_Budget" time="0.0" classname="com.RDCD_Coop.Create_Shomiti">
    <ignored/>
  </testcase> <!-- Shomiti_Budget -->
  <testcase name="CancelNameClearance" time="0.0" classname="com.RDCD_Coop.Create_Shomiti">
    <ignored/>
  </testcase> <!-- CancelNameClearance -->
  <testcase name="Shomitir_Aay_Beey" time="0.0" classname="com.RDCD_Coop.Create_Shomiti">
    <ignored/>
  </testcase> <!-- Shomitir_Aay_Beey -->
  <testcase name="Kagoj_Potradi" time="0.0" classname="com.RDCD_Coop.Create_Shomiti">
    <ignored/>
  </testcase> <!-- Kagoj_Potradi -->
</testsuite> <!-- test -->
