<?xml version="1.0" encoding="UTF-8"?>
<testng-results skipped="0" failed="0" ignored="5" total="8" passed="3">
  <reporter-output>
  </reporter-output>
  <suite name="All Test Suite" duration-ms="139055" started-at="2022-08-30T10:53:40 BDT" finished-at="2022-08-30T10:55:59 BDT">
    <groups>
    </groups>
    <test name="test" duration-ms="139055" started-at="2022-08-30T10:53:40 BDT" finished-at="2022-08-30T10:55:59 BDT">
      <class name="com.RDCD_Coop.Create_Shomiti">
        <test-method status="PASS" signature="LaunchBrowser()[pri:0, instance:com.RDCD_Coop.Create_Shomiti@117e0fe5]" name="LaunchBrowser" is-config="true" duration-ms="12585" started-at="2022-08-30T10:53:40 BDT" finished-at="2022-08-30T10:53:53 BDT">
          <reporter-output>
          </reporter-output>
        </test-method> <!-- LaunchBrowser -->
        <test-method status="PASS" signature="Login()[pri:1, instance:com.RDCD_Coop.Create_Shomiti@117e0fe5]" name="Login" duration-ms="12809" started-at="2022-08-30T10:53:53 BDT" description="This is for login scenario" finished-at="2022-08-30T10:54:06 BDT">
          <reporter-output>
          </reporter-output>
        </test-method> <!-- Login -->
        <test-method status="PASS" signature="Sodossho_Nibondhon(java.lang.String,java.lang.String,java.lang.String,java.lang.String,java.lang.String,java.lang.String,java.lang.String,java.lang.String,java.lang.String,java.lang.String,java.lang.String,java.lang.String,java.lang.String,java.lang.String,java.lang.String,java.lang.String,java.lang.String)[pri:7, instance:com.RDCD_Coop.Create_Shomiti@117e0fe5]" name="Sodossho_Nibondhon" duration-ms="57884" started-at="2022-08-30T10:54:06 BDT" description="This is for shomiti create(Sodossho nibondhon) scenario" data-provider="Sodossho_Nibondhon" finished-at="2022-08-30T10:55:04 BDT">
          <params>
            <param index="0">
              <value>
                <![CDATA[1]]>
              </value>
            </param>
            <param index="1">
              <value>
                <![CDATA[4655155904]]>
              </value>
            </param>
            <param index="2">
              <value>
                <![CDATA[03011999]]>
              </value>
            </param>
            <param index="3">
              <value>
                <![CDATA[Asad Haq]]>
              </value>
            </param>
            <param index="4">
              <value>
                <![CDATA[আসাদ হক]]>
              </value>
            </param>
            <param index="5">
              <value>
                <![CDATA[Mr. Abc]]>
              </value>
            </param>
            <param index="6">
              <value>
                <![CDATA[Mrs. Abc]]>
              </value>
            </param>
            <param index="7">
              <value>
                <![CDATA[01968956730]]>
              </value>
            </param>
            <param index="8">
              <value>
                <![CDATA[1]]>
              </value>
            </param>
            <param index="9">
              <value>
                <![CDATA[asad@gmail.com]]>
              </value>
            </param>
            <param index="10">
              <value>
                <![CDATA[স্নাতকোত্তর]]>
              </value>
            </param>
            <param index="11">
              <value>
                <![CDATA[শিক্ষক]]>
              </value>
            </param>
            <param index="12">
              <value>
                <![CDATA[বিবাহিত]]>
              </value>
            </param>
            <param index="13">
              <value>
                <![CDATA[খুলনা]]>
              </value>
            </param>
            <param index="14">
              <value>
                <![CDATA[দাকোপ]]>
              </value>
            </param>
            <param index="15">
              <value>
                <![CDATA[দাকোপ]]>
              </value>
            </param>
            <param index="16">
              <value>
                <![CDATA[বাড়ি নং-৩২, রাস্তা-০৯]]>
              </value>
            </param>
          </params>
          <reporter-output>
          </reporter-output>
        </test-method> <!-- Sodossho_Nibondhon -->
        <test-method status="PASS" signature="Sodossho_Nibondhon(java.lang.String,java.lang.String,java.lang.String,java.lang.String,java.lang.String,java.lang.String,java.lang.String,java.lang.String,java.lang.String,java.lang.String,java.lang.String,java.lang.String,java.lang.String,java.lang.String,java.lang.String,java.lang.String,java.lang.String)[pri:7, instance:com.RDCD_Coop.Create_Shomiti@117e0fe5]" name="Sodossho_Nibondhon" duration-ms="55360" started-at="2022-08-30T10:55:04 BDT" description="This is for shomiti create(Sodossho nibondhon) scenario" data-provider="Sodossho_Nibondhon" finished-at="2022-08-30T10:55:59 BDT">
          <params>
            <param index="0">
              <value>
                <![CDATA[2]]>
              </value>
            </param>
            <param index="1">
              <value>
                <![CDATA[19954578963254792]]>
              </value>
            </param>
            <param index="2">
              <value>
                <![CDATA[01051985]]>
              </value>
            </param>
            <param index="3">
              <value>
                <![CDATA[Hasina Khatun]]>
              </value>
            </param>
            <param index="4">
              <value>
                <![CDATA[হাসিনা খাতুন]]>
              </value>
            </param>
            <param index="5">
              <value>
                <![CDATA[Mr. Def]]>
              </value>
            </param>
            <param index="6">
              <value>
                <![CDATA[Mrs. Def]]>
              </value>
            </param>
            <param index="7">
              <value>
                <![CDATA[01768126321]]>
              </value>
            </param>
            <param index="8">
              <value>
                <![CDATA[2]]>
              </value>
            </param>
            <param index="9">
              <value>
                <![CDATA[hasina@gmail.com]]>
              </value>
            </param>
            <param index="10">
              <value>
                <![CDATA[অষ্টম শ্রেণী]]>
              </value>
            </param>
            <param index="11">
              <value>
                <![CDATA[গৃহিনী]]>
              </value>
            </param>
            <param index="12">
              <value>
                <![CDATA[বিবাহিত]]>
              </value>
            </param>
            <param index="13">
              <value>
                <![CDATA[খুলনা]]>
              </value>
            </param>
            <param index="14">
              <value>
                <![CDATA[দাকোপ]]>
              </value>
            </param>
            <param index="15">
              <value>
                <![CDATA[দাকোপ]]>
              </value>
            </param>
            <param index="16">
              <value>
                <![CDATA[বাড়ি নং-৩২, রাস্তা-০৯]]>
              </value>
            </param>
          </params>
          <reporter-output>
          </reporter-output>
        </test-method> <!-- Sodossho_Nibondhon -->
        <test-method status="PASS" signature="Close()[pri:0, instance:com.RDCD_Coop.Create_Shomiti@117e0fe5]" name="Close" is-config="true" duration-ms="1" started-at="2022-08-30T10:55:59 BDT" finished-at="2022-08-30T10:55:59 BDT">
          <reporter-output>
          </reporter-output>
        </test-method> <!-- Close -->
      </class> <!-- com.RDCD_Coop.Create_Shomiti -->
    </test> <!-- test -->
  </suite> <!-- All Test Suite -->
</testng-results>
