<?xml version="1.0" encoding="UTF-8"?>
<testng-results skipped="0" failed="0" ignored="11" total="13" passed="2">
  <reporter-output>
  </reporter-output>
  <suite name="All Test Suite" duration-ms="59169" started-at="2022-09-01T17:04:55 BDT" finished-at="2022-09-01T17:05:54 BDT">
    <groups>
    </groups>
    <test name="test" duration-ms="59169" started-at="2022-09-01T17:04:55 BDT" finished-at="2022-09-01T17:05:54 BDT">
      <class name="com.RDCD_Coop.Create_Shomiti">
        <test-method status="PASS" signature="LaunchBrowser()[pri:0, instance:com.RDCD_Coop.Create_Shomiti@5f2f577]" name="LaunchBrowser" is-config="true" duration-ms="16570" started-at="2022-09-01T17:04:55 BDT" finished-at="2022-09-01T17:05:12 BDT">
          <reporter-output>
          </reporter-output>
        </test-method> <!-- LaunchBrowser -->
        <test-method status="PASS" signature="Login()[pri:1, instance:com.RDCD_Coop.Create_Shomiti@5f2f577]" name="Login" duration-ms="12791" started-at="2022-09-01T17:05:12 BDT" description="This is for login scenario" finished-at="2022-09-01T17:05:24 BDT">
          <reporter-output>
          </reporter-output>
        </test-method> <!-- Login -->
        <test-method status="PASS" signature="Churanto_Data_Somuho()[pri:12, instance:com.RDCD_Coop.Create_Shomiti@5f2f577]" name="Churanto_Data_Somuho" duration-ms="29460" started-at="2022-09-01T17:05:24 BDT" description="This is for shomiti create(churanto data somuho) scenario" finished-at="2022-09-01T17:05:54 BDT">
          <reporter-output>
          </reporter-output>
        </test-method> <!-- Churanto_Data_Somuho -->
        <test-method status="PASS" signature="Close()[pri:0, instance:com.RDCD_Coop.Create_Shomiti@5f2f577]" name="Close" is-config="true" duration-ms="1" started-at="2022-09-01T17:05:54 BDT" finished-at="2022-09-01T17:05:54 BDT">
          <reporter-output>
          </reporter-output>
        </test-method> <!-- Close -->
      </class> <!-- com.RDCD_Coop.Create_Shomiti -->
    </test> <!-- test -->
  </suite> <!-- All Test Suite -->
</testng-results>
